<?xml version="1.0" encoding="UTF-8"?>
<robot generator="Robot 3.2.2 (Python 3.8.5 on win32)" generated="20201109 15:08:38.988" rpa="false">
<suite id="s1" name="TC 001 Start Close Browser" source="C:\Users\zuzanna.soszynska\PycharmProjects\robotautomation\Test_Cases\TC_001_Start_Close_Browser.robot">
<test id="s1-t1" name="TC_001_Browser Start and Close">
<kw name="Open Browser" library="SeleniumLibrary">
<doc>Opens a new browser instance to the optional ``url``.</doc>
<arguments>
<arg>${URL}</arg>
<arg>${Browser}</arg>
</arguments>
<msg timestamp="20201109 15:08:39.268" level="INFO">Opening browser 'Firefox' to base url 'https://www.thetestingworld.com/index.php?option=com_users&amp;view=registration&amp;Itemid=588'.</msg>
<msg timestamp="20201109 15:08:39.271" level="INFO">Firefox driver log is always forced to to: C:\Users\zuzanna.soszynska\PycharmProjects\robotautomation\Test_Cases\geckodriver-28.log</msg>
<status status="PASS" starttime="20201109 15:08:39.267" endtime="20201109 15:08:46.844"></status>
</kw>
<kw name="Maximize Browser Window" library="SeleniumLibrary">
<doc>Maximizes current browser window.</doc>
<status status="PASS" starttime="20201109 15:08:46.844" endtime="20201109 15:08:47.116"></status>
</kw>
<kw name="Get Selenium Implicit Wait" library="SeleniumLibrary">
<doc>Gets the implicit wait value used by Selenium.</doc>
<assign>
<var>${defoult_t}</var>
</assign>
<msg timestamp="20201109 15:08:47.117" level="INFO">${defoult_t} = 0 seconds</msg>
<status status="PASS" starttime="20201109 15:08:47.117" endtime="20201109 15:08:47.117"></status>
</kw>
<kw name="Log To Console" library="BuiltIn">
<doc>Logs the given message to the console.</doc>
<arguments>
<arg>${defoult_t}</arg>
</arguments>
<status status="PASS" starttime="20201109 15:08:47.118" endtime="20201109 15:08:47.119"></status>
</kw>
<kw name="Set Selenium Implicit Wait" library="SeleniumLibrary">
<doc>Sets the implicit wait value used by Selenium.</doc>
<arguments>
<arg>2 seconds</arg>
</arguments>
<status status="PASS" starttime="20201109 15:08:47.119" endtime="20201109 15:08:47.122"></status>
</kw>
<kw name="Get Selenium Implicit Wait" library="SeleniumLibrary">
<doc>Gets the implicit wait value used by Selenium.</doc>
<assign>
<var>${defoult_t}</var>
</assign>
<msg timestamp="20201109 15:08:47.123" level="INFO">${defoult_t} = 2 seconds</msg>
<status status="PASS" starttime="20201109 15:08:47.123" endtime="20201109 15:08:47.123"></status>
</kw>
<kw name="Log To Console" library="BuiltIn">
<doc>Logs the given message to the console.</doc>
<arguments>
<arg>${defoult_t}</arg>
</arguments>
<status status="PASS" starttime="20201109 15:08:47.123" endtime="20201109 15:08:47.124"></status>
</kw>
<kw name="Enter Username Password Email">
<arguments>
<arg>${username}</arg>
<arg>${email}</arg>
<arg>${password}</arg>
</arguments>
<kw name="Input Text" library="SeleniumLibrary">
<doc>Types the given ``text`` into the text field identified by ``locator``.</doc>
<arguments>
<arg>name:jform[name]</arg>
<arg>${username}</arg>
</arguments>
<msg timestamp="20201109 15:08:47.126" level="INFO">Typing text 'Testingname' into text field 'name:jform[name]'.</msg>
<status status="PASS" starttime="20201109 15:08:47.125" endtime="20201109 15:08:47.221"></status>
</kw>
<kw name="Input Text" library="SeleniumLibrary">
<doc>Types the given ``text`` into the text field identified by ``locator``.</doc>
<arguments>
<arg>name:jform[username]</arg>
<arg>${email}</arg>
</arguments>
<msg timestamp="20201109 15:08:47.222" level="INFO">Typing text 'Testingworld@gmail.com' into text field 'name:jform[username]'.</msg>
<status status="PASS" starttime="20201109 15:08:47.221" endtime="20201109 15:08:47.275"></status>
</kw>
<kw name="Input Text" library="SeleniumLibrary">
<doc>Types the given ``text`` into the text field identified by ``locator``.</doc>
<arguments>
<arg>name:jform[password1]</arg>
<arg>${password}</arg>
</arguments>
<msg timestamp="20201109 15:08:47.276" level="INFO">Typing text 'secretpass' into text field 'name:jform[password1]'.</msg>
<status status="PASS" starttime="20201109 15:08:47.275" endtime="20201109 15:08:47.308"></status>
</kw>
<status status="PASS" starttime="20201109 15:08:47.125" endtime="20201109 15:08:47.308"></status>
</kw>
<kw name="Capture Page Screenshot" library="SeleniumLibrary">
<doc>Takes a screenshot of the current page and embeds it into a log file.</doc>
<arguments>
<arg>Screenshots/TC1.png</arg>
</arguments>
<msg timestamp="20201109 15:08:47.406" level="INFO" html="yes">&lt;/td&gt;&lt;/tr&gt;&lt;tr&gt;&lt;td colspan="3"&gt;&lt;a href="Screenshots/TC1.png"&gt;&lt;img src="Screenshots/TC1.png" width="800px"&gt;&lt;/a&gt;</msg>
<status status="PASS" starttime="20201109 15:08:47.309" endtime="20201109 15:08:47.406"></status>
</kw>
<kw name="Execute Javascript" library="SeleniumLibrary">
<doc>Executes the given JavaScript code with possible arguments.</doc>
<arguments>
<arg>window.scrollTo(0,1000)</arg>
</arguments>
<msg timestamp="20201109 15:08:47.408" level="INFO">Executing JavaScript:
window.scrollTo(0,1000)
Without any arguments.</msg>
<status status="PASS" starttime="20201109 15:08:47.408" endtime="20201109 15:08:47.415"></status>
</kw>
<kw name="Sleep" library="BuiltIn">
<doc>Pauses the test executed for the given time.</doc>
<arguments>
<arg>10 seconds</arg>
</arguments>
<msg timestamp="20201109 15:08:57.423" level="INFO">Slept 10 seconds</msg>
<status status="PASS" starttime="20201109 15:08:47.415" endtime="20201109 15:08:57.423"></status>
</kw>
<kw name="Close Browser" library="SeleniumLibrary">
<doc>Closes the current browser.</doc>
<status status="PASS" starttime="20201109 15:08:57.423" endtime="20201109 15:09:00.366"></status>
</kw>
<status status="PASS" starttime="20201109 15:08:39.266" endtime="20201109 15:09:00.366" critical="yes"></status>
</test>
<status status="PASS" starttime="20201109 15:08:38.990" endtime="20201109 15:09:00.367"></status>
</suite>
<statistics>
<total>
<stat pass="1" fail="0">Critical Tests</stat>
<stat pass="1" fail="0">All Tests</stat>
</total>
<tag>
</tag>
<suite>
<stat pass="1" fail="0" id="s1" name="TC 001 Start Close Browser">TC 001 Start Close Browser</stat>
</suite>
</statistics>
<errors>
</errors>
</robot>
